{
  "RSpec": {
    "coverage": {
      "/Users/yanyi/Documents/Projects/bank_tech_test/spec/account_spec.rb": [
        1,
        1,
        null,
        1,
        9,
        null,
        1,
        1,
        1,
        null,
        null,
        null,
        1,
        1,
        1,
        1,
        null,
        null,
        1,
        1,
        null,
        null,
        null,
        1,
        1,
        1,
        1,
        1,
        null,
        null,
        1,
        1,
        1,
        null,
        null,
        1,
        1,
        1,
        2,
        null,
        null,
        null,
        null,
        1,
        1,
        1,
        null,
        null,
        1,
        1,
        1,
        1,
        1,
        null,
        null,
        null
      ],
      "/Users/yanyi/Documents/Projects/bank_tech_test/lib/account.rb": [
        1,
        1,
        null,
        1,
        null,
        1,
        8,
        8,
        null,
        null,
        1,
        5,
        5,
        5,
        null,
        null,
        1,
        3,
        2,
        2,
        null,
        null,
        1,
        null,
        1,
        3,
        null,
        null
      ],
      "/Users/yanyi/Documents/Projects/bank_tech_test/spec/statement_spec.rb": [
        1,
        null,
        1,
        6,
        6,
        1,
        3,
        null,
        null,
        null,
        null,
        1,
        1,
        1,
        2,
        null,
        null,
        1,
        1,
        1,
        2,
        null,
        null,
        1,
        1,
        1,
        2,
        null,
        null,
        null,
        1,
        1,
        1,
        1,
        null,
        null,
        1,
        1,
        1,
        2,
        null,
        null,
        null
      ],
      "/Users/yanyi/Documents/Projects/bank_tech_test/lib/statement.rb": [
        1,
        1,
        null,
        1,
        5,
        5,
        null,
        null,
        1,
        6,
        6,
        13,
        null,
        6,
        null,
        null,
        1,
        null,
        1,
        6,
        null,
        null,
        1,
        13,
        null,
        null,
        1,
        26,
        null,
        null,
        1,
        13,
        9,
        null,
        4,
        null,
        null,
        null,
        1,
        13,
        null,
        null
      ]
    },
    "timestamp": 1326153600
  }
}
